Upload_logger 2023-01-07 20:20:30,167 INFO All links was received
Upload_logger 2023-01-07 20:20:33,538 INFO https://sun9-53.userapi.com/impg/OYT1aZBpf5yLhv03rYrYktvbAYaaM5qj71Wvow/MDU_m9re9I8.jpg?size=2560x1707&quality=95&sign=31d76c2210b0f2cdf4b196703bbd1346&c_uniq_tag=DuqbmMHDCLiNSh0HmV67-jAYtUC5PSig7Hiz6fx8P_U&type=album status: success
Upload_logger 2023-01-07 20:20:36,229 INFO https://sun9-80.userapi.com/impg/SufB5y1enutdXK4Q0LAr7g1UGOowsCyxcnStYw/GJOJDw-Cwx8.jpg?size=2560x1707&quality=96&sign=1946cff94383fdc75391bd1cf205dad6&c_uniq_tag=U5QHurditu88h6E-cyMW0B9m2SAQtN71hVECSIa8Wc8&type=album status: success
Upload_logger 2023-01-07 20:20:37,621 INFO https://sun9-30.userapi.com/impg/CC5aH14o2568p7Ntn-XJd0QU985HBYy8ROkvZQ/hZN7vodfm4s.jpg?size=2048x946&quality=96&sign=71d4583800fc278bd8c7e79d99bf7d5b&c_uniq_tag=j3LCtI7K7R-tipju0WxR1kZJWPdso8jnNMR95AZm_dM&type=album status: success
Upload_logger 2023-01-07 20:20:39,103 INFO https://sun9-14.userapi.com/impg/EZ4NyeZFdYYrKIHpo-t_nf4NuudxKGdCvB9JlA/u9s79gXR30w.jpg?size=1521x1014&quality=96&sign=406830805262a3254858eb1ef49a99f0&c_uniq_tag=70r7vYUuW0CLbs3FrEh8FLSbzkydbPNzLdR91Bg4hsM&type=album status: success
Upload_logger 2023-01-07 20:20:41,239 INFO https://sun9-43.userapi.com/impg/Y6Pl_5vn5f4YUEMN_R7T0HY56RlWG1bTgF4-iA/IsZuEqzYyd0.jpg?size=1617x2160&quality=96&sign=5c7f209b64758560a44b1e9929808894&c_uniq_tag=02fXxuumj17-Ied1CGxBJuE2xFmwuTPUlp7go5kXJns&type=album status: success
Upload_logger 2023-01-07 20:20:42,950 INFO https://sun9-30.userapi.com/impf/c857632/v857632423/13546/nQHGrNGyH98.jpg?size=1215x2160&quality=96&sign=d16588b7e7d6fbebf79ca08b6782d2ef&c_uniq_tag=6V-mgIWC4wdTtuy8wMV8BJdvIoOYpTCrnHYganTP1Aw&type=album status: success
Upload_logger 2023-01-07 20:20:44,680 INFO https://sun9-14.userapi.com/impf/c847221/v847221678/204b2d/Jy35T6Daw8o.jpg?size=1440x2160&quality=96&sign=455427a35efa8441b6ea4f42ffb09229&c_uniq_tag=sATNsx69G58Xi_CwgoHgkgLaUqcECzL0w9nFS82I4CE&type=album status: success
Upload_logger 2023-01-07 20:20:47,590 INFO https://sun9-15.userapi.com/impf/c845019/v845019018/9aafa/uWzrAR5JW94.jpg?size=2560x1920&quality=96&sign=363698e6974f7b5722746e05669ed32a&c_uniq_tag=dNdmldsWDDckZO5J2bN6jZY2rv1W4o30Jv2yUaOzOC0&type=album status: success
Upload_logger 2023-01-07 20:20:48,915 INFO https://sun9-40.userapi.com/impf/c625219/v625219392/4b2c5/xB6Xw9lMXIQ.jpg?size=720x960&quality=96&sign=81f3ba6542fb69cf968560e9d877ed2a&c_uniq_tag=pq1rMsFQfWTUL9UrtFWC9zH-ZHCl8PZuMaKqhcd1Wd4&type=album status: success
Upload_logger 2023-01-07 20:20:50,531 INFO https://sun9-46.userapi.com/impf/c633320/v633320392/2a079/RsQxfLxT84s.jpg?size=1296x972&quality=96&sign=24572d5c1b3f182b16f0a076940970e0&c_uniq_tag=IsnGRyD1VjLByyP-2SKliNwxMLQr5HJV_JE-YbRko3Q&type=album status: success
Upload_logger 2023-01-07 20:20:52,207 INFO https://sun9-25.userapi.com/impf/c629306/v629306843/25849/QgbTQwRuY_0.jpg?size=1280x853&quality=96&sign=ceb47371abe26107d495091afe80963f&c_uniq_tag=7_AfV8U4Hr0I2Ql0G2cXU4DO5ZIkNDJrdWfvbnMnhu4&type=album status: success
Upload_logger 2023-01-07 20:20:53,859 INFO https://sun9-69.userapi.com/impf/c622019/v622019392/21c97/GYmZnNGiniU.jpg?size=1280x960&quality=96&sign=e1c51f2db5d1e698aef59dd5916e09fd&c_uniq_tag=3Filn30TSC4Ex4q9jTcDTU3grmPH3YkP5p_TpT9L1dU&type=album status: success
Upload_logger 2023-01-07 20:20:54,972 INFO https://sun9-81.userapi.com/impf/Br6fsqk_MDIposF6cTvL3N9drxNP0lA8xz2zAQ/bcte1z_fe3M.jpg?size=1280x960&quality=96&sign=df6f9d7655627bee0453ddd553ea9622&c_uniq_tag=PUoLTZcob9_g7rQaj_OEWcUlBw56s5Nm03Tn4B_sBh0&type=album status: success
Upload_logger 2023-01-07 20:20:56,704 INFO https://sun9-20.userapi.com/impf/c624130/v624130392/185b/qVvZD7ewv2M.jpg?size=1280x960&quality=96&sign=9ed65969632969b67784087e55cb1b4f&c_uniq_tag=eJZLxxMeBw_mqsFKoc3RlRLibWbiQ_EjeDLm8hwlSYc&type=album status: success
Upload_logger 2023-01-07 20:21:01,471 INFO https://sun9-68.userapi.com/impf/57nEmCLlDXAc9iVx-v_5E56sZEJJ4WCD1DN1-w/5Nz3cQIUn9s.jpg?size=2560x1920&quality=96&sign=ee4b3a0f3e14428cd90161808b18f419&c_uniq_tag=6nco1kTfwUDRZcAvSvPjRw-VBVOWh3YdHUVNjiEWhrE&type=album status: success
Upload_logger 2023-01-07 20:21:03,950 INFO https://sun9-60.userapi.com/impf/ZDGIslFZsegYL_VTnPItFBng7oZqc1PXbNFsJA/DbTJ2IUtH6g.jpg?size=2560x1920&quality=96&sign=2651b380a52e945f3d023d6017b753ac&c_uniq_tag=Jigzy8D1pKSPa7tLOg27gr7q2OPxd0Y0Gu4XwV3T85s&type=album status: success
Upload_logger 2023-01-07 20:21:05,938 INFO https://sun9-55.userapi.com/impf/8tkkH1Lds7k0s5mL15E0k6l6BL36vSHLrvyd0A/t2DWOmMB6Qo.jpg?size=716x503&quality=96&sign=6d8198440eda8d4500f93024340eabe8&c_uniq_tag=PRKjhGQtNvP6Q97Nwl1zWfUb3KDKXJUUHeGp3wph3GA&type=album status: success
Upload_logger 2023-01-07 20:21:07,652 INFO https://sun9-5.userapi.com/impf/TvMw3FMOA77fMYv0-shj5Rq_QN5Z9eRDgvtTVA/q530lU-0P9k.jpg?size=720x960&quality=96&sign=2884415c1f7ec7115d4f357a11f59c53&c_uniq_tag=u-3riFIyfiDi1s2hgzZZHsPknZ0ajUbu4PT9T8SBIMU&type=album status: success
Upload_logger 2023-01-07 20:21:09,270 INFO https://sun9-87.userapi.com/impf/E9oMNvwauIjKTJphKOLz-N-5stWOKkX6K7WUAA/kqnPzyPxNMo.jpg?size=1280x960&quality=96&sign=86ed6263e4b921227dfa874fa8afee3f&c_uniq_tag=zJtZNufX3Rzxt-B8fIc0QBtLvPz8ip-qbQSLlj8kJXw&type=album status: success
Upload_logger 2023-01-07 20:21:10,975 INFO https://sun9-30.userapi.com/impf/hdJ9UetBMvnzFO8TRqgPdT4N4tfWTqCrGqVcuQ/PWZefOJskXk.jpg?size=2560x1920&quality=96&sign=be582595457a5ec2d20147f04df3c7e6&c_uniq_tag=VsdEcPyT0fj_yZB9Lvd51qNYN6SyhVpg7IRHhWe4sRw&type=album status: success
Upload_logger 2023-01-07 20:21:14,563 INFO https://sun9-45.userapi.com/impf/iUp8Z5l6UDePebDwH8E3KYZyguNjy0Tqovm4Aw/zbcrhEWvVz0.jpg?size=2560x1920&quality=96&sign=59993a8a124cae094679d9b32aa2f14f&c_uniq_tag=I-UR3WH66kgCcTeat9x444BJ-WEomUtwayCnQ9gwYkE&type=album status: success
Upload_logger 2023-01-07 20:21:16,009 INFO https://sun9-47.userapi.com/impf/gjcB8qWDIZmu-wL-EWRm88JzgPeL-1Qla6qurg/o_YDpB7-8C8.jpg?size=1280x960&quality=96&sign=3c38149f8b994e8d6bfb425cb8bfd10f&c_uniq_tag=zZlMHOKrHSi4pE5IMLAOA9ppJBE0qeLaNLb_1L4qgOM&type=album status: success
Upload_logger 2023-01-07 20:21:17,536 INFO https://sun9-18.userapi.com/impf/5wK0JkQ3XPPwvMGNIHUPstj6iu_WKJ7BgoDcJg/8lbcmSRhKVI.jpg?size=2560x1701&quality=96&sign=e08562ae1785854bf71c5d6833309799&c_uniq_tag=732F5OZLO9Vaz2e5gvula7tCkZ3CYbIFRFYDUI20vjE&type=album status: success
Upload_logger 2023-01-07 20:21:19,164 INFO https://sun9-56.userapi.com/impf/c308628/v308628813/6760/8VNQZ1D7DxA.jpg?size=1024x768&quality=96&sign=86724cc1126e7572f1210a41317ec628&c_uniq_tag=aXzcwsEOiQRTlCjre9sRLXUtw-MOc9ML38nnz0kHoR4&type=album status: success
Upload_logger 2023-01-07 20:21:22,127 INFO https://sun9-85.userapi.com/impf/HbD21nVilLda2NSxd7WYHlnWGGogzCMCcS3rbg/sEe8Z7Qjx9k.jpg?size=1280x960&quality=96&sign=115d59d034fab4197b2ce1942edd67a8&c_uniq_tag=6svTUPhEsOQFKW7KHY38TSGQHqbscHYY0LLbRvJ7Ylw&type=album status: success
Upload_logger 2023-01-07 20:21:23,541 INFO https://sun9-83.userapi.com/impf/_CVyhywWvQpufkG6NehWOwTQrP1CM1L_s4UQEw/GuA9iTIRFn0.jpg?size=1280x960&quality=96&sign=dece5053b4b915abeb114723f8be2886&c_uniq_tag=GpcrnPtUrwRDmfoa0O6IM4dEXkoijB47DJgr_DEDEOA&type=album status: success
Upload_logger 2023-01-07 20:21:24,816 INFO https://sun9-71.userapi.com/impf/fTNn1xLif5PunJMORRG6oL1nYNN8M2FEmRy4iA/iPC5pi9IzKg.jpg?size=2560x1920&quality=96&sign=6486c52af4e82442537a9aba442d5639&c_uniq_tag=Wa7IouzngaC3tnKNu985w9dTDfFhehkh6C5miwSPOGk&type=album status: success
Upload_logger 2023-01-07 20:21:26,598 INFO https://sun9-15.userapi.com/impf/EXhHNvKbwTMuvrT9vnxm2z40XT-erPYrpC0anA/qF5qAYog-4Q.jpg?size=1280x851&quality=96&sign=d0ff160ab1f19f8081f9fdff911e6655&c_uniq_tag=KTX7QA5fDhca1B9pQBA5qLXHsmg8FIfppUsBLtBKoiI&type=album status: success
Upload_logger 2023-01-07 20:21:28,791 INFO https://sun9-18.userapi.com/impf/Xgu1zFqNuObnHBFr8mcteP6aGa7bm2olpy_3ng/eF3oU4R4BHU.jpg?size=2560x1920&quality=96&sign=b5a44037491ece2b9cb030537c71f13d&c_uniq_tag=S5V3pR5eWFFpw8Kd5lgn1M1TxRAE3YGZSqbLVO-9v-s&type=album status: success
Upload_logger 2023-01-07 20:21:30,680 INFO https://sun9-5.userapi.com/impf/VgVl33lgyZOWth_UBxJh8oD1xKqqUWuueKMofQ/iX8btzOnEiQ.jpg?size=592x464&quality=96&sign=66c7dc5ec632df3f896575fecba960e5&c_uniq_tag=zSb3-W0T-gc6CzY09nBdmbcGOnO2OQ1JBlExIPhi728&type=album status: success
Upload_logger 2023-01-07 20:21:32,176 INFO https://sun9-35.userapi.com/impf/Bnd8sIdVoWxlTdHhRHr5enF053EiaJtac2s1Cg/t9OQ9f9eOAc.jpg?size=2560x1920&quality=96&sign=7e8927f65e5a41cce3bb3cc79fa50e5e&c_uniq_tag=SspXs_KNXq7aQuLllmuuWk-pwCBBbYyYulbhQBuEyFU&type=album status: success
Upload_logger 2023-01-07 20:21:33,900 INFO https://sun9-85.userapi.com/impf/-Kw1a94beM31R1kGjmOPIirc2k_9vauV6PZKPA/bo1W410_AKs.jpg?size=2560x1920&quality=96&sign=3fdc59e451c3e37f8894f81d863586ca&c_uniq_tag=tLpdGMf-3UpABgiq5xYNFVhgp-mzeGlCenpsALltRyA&type=album status: success
Upload_logger 2023-01-07 20:21:35,571 INFO https://sun9-84.userapi.com/impf/-b5ek0iYXLv1AQPABBvC8uAJdJIVrdt8aT1ang/zAdzpu0psqY.jpg?size=1280x960&quality=96&sign=95c3b60ca62f32fb53d7cbb02dca46de&c_uniq_tag=_8ri2-_w1rEznsWzJBOe3g0eYgMbix9VqPq4-XrZKao&type=album status: success
Upload_logger 2023-01-07 20:21:37,289 INFO https://sun9-46.userapi.com/impf/c303214/v303214392/21ec/UjdUfF_lzNU.jpg?size=1280x960&quality=96&sign=742a7bd128b9a46c6a54417350bdeb0b&c_uniq_tag=mrpfeuTYzLZ38TdSjv8wxCdYjHjA2dHYZJDKokTNJvo&type=album status: success
Upload_logger 2023-01-07 20:21:38,788 INFO https://sun9-36.userapi.com/c10418/u138597392/-6/w_124e5b39.jpg status: success
Upload_logger 2023-01-07 20:21:40,732 INFO https://sun9-80.userapi.com/c10822/u138597392/155341957/y_fc9ef517.jpg status: success
Upload_logger 2023-01-07 20:21:42,599 INFO https://sun9-78.userapi.com/c11010/u102458047/-7/z_546a5523.jpg status: success
Upload_logger 2023-01-07 20:21:45,358 INFO https://sun9-67.userapi.com/c11010/u102458047/-7/z_a2e46f8c.jpg status: success
Upload_logger 2023-01-07 20:21:47,208 INFO https://sun9-61.userapi.com/c11278/u138597392/150343890/y_09ded32a.jpg status: success
Upload_logger 2023-01-07 20:21:48,899 INFO https://sun9-81.userapi.com/c11278/u138597392/150343890/y_6f8bc291.jpg status: success
Upload_logger 2023-01-07 20:21:50,401 INFO https://sun9-41.userapi.com/c9856/u138597392/146905073/w_311e26eb.jpg status: success
Upload_logger 2023-01-07 20:21:52,501 INFO https://sun9-77.userapi.com/c9856/u138597392/146905073/y_76143bbe.jpg status: success
Upload_logger 2023-01-07 20:21:56,580 INFO https://sun9-51.userapi.com/c9856/u138597392/146905073/y_e6e20f5b.jpg status: success
Upload_logger 2023-01-07 20:21:58,743 INFO https://sun9-87.userapi.com/c10519/u51249024/144464502/w_a91dd84f.jpg status: success
Upload_logger 2023-01-07 20:22:00,339 INFO https://sun9-88.userapi.com/c5796/u138597392/143657169/y_52e20250.jpg status: success
Upload_logger 2023-01-07 20:22:01,667 INFO https://sun9-56.userapi.com/c5904/u51249024/135905363/y_dd103232.jpg status: success
Upload_logger 2023-01-07 20:22:03,306 INFO https://sun9-18.userapi.com/c5277/u138597392/136682923/y_40c3d947.jpg status: success
Upload_logger 2023-01-07 20:22:05,844 INFO https://sun9-43.userapi.com/c5277/u138597392/136682923/x_c356ca66.jpg status: success
Upload_logger 2023-01-07 20:22:07,112 INFO https://sun9-38.userapi.com/c5904/u51249024/135905363/y_e92b6b28.jpg status: success
